Arguments: 
  /usr/local/Cellar/node@8/8.14.0/bin/node /usr/local/Cellar/yarn/1.12.3/libexec/bin/yarn.js add brisk-reconciler

PATH: 
  /Users/ostera/.opam/4.06.1/bin:/usr/local/opt/coreutils/libexec/gnubin:/usr/local/bin:/usr/bin:/bin:/usr/sbin:/sbin:/Applications/Wireshark.app/Contents/MacOS:/Library/TeX/texbin:/usr/local/opt/coreutils/libexec/gnubin:/usr/local/opt/gnupg/libexec/gpgbin:/usr/local/opt/gnu-tar/libexec/gnubin:/Users/ostera/repos/github.com/ostera/dotfiles/bin:/Users/ostera/.cargo/bin:/Users/ostera/.go/bin:/Users/ostera/.rvm/bin:/Users/ostera/Library/Python/2.7/bin:/usr/local/texlive/2018/bin/x86_64-darwin:/usr/local/opt/gnupg/libexec/gpgbin:/usr/local/opt/gnu-tar/libexec/gnubin:/usr/local/bin:/Users/ostera/repos/github.com/ostera/dotfiles/bin:/Users/ostera/.cargo/bin:/Users/ostera/.go/bin:/Users/ostera/.rvm/bin:/Users/ostera/Library/Python/2.7/bin:/usr/local/texlive/2018/bin/x86_64-darwin:/usr/local/Cellar/fzf/0.17.4/bin

Yarn version: 
  1.12.3

Node version: 
  8.14.0

Platform: 
  darwin x64

Trace: 
  Error: https://registry.yarnpkg.com/@opam%2fcmdliner: Not found
      at Request.params.callback [as _callback] (/usr/local/Cellar/yarn/1.12.3/libexec/lib/cli.js:65894:18)
      at Request.self.callback (/usr/local/Cellar/yarn/1.12.3/libexec/lib/cli.js:129018:22)
      at emitTwo (events.js:126:13)
      at Request.emit (events.js:214:7)
      at Request.<anonymous> (/usr/local/Cellar/yarn/1.12.3/libexec/lib/cli.js:129990:10)
      at emitOne (events.js:116:13)
      at Request.emit (events.js:211:7)
      at IncomingMessage.<anonymous> (/usr/local/Cellar/yarn/1.12.3/libexec/lib/cli.js:129912:12)
      at Object.onceWrapper (events.js:313:30)
      at emitNone (events.js:111:20)

npm manifest: 
  {
    "name": "tldr.jsx",
    "description": "A reactive web client for tldr-pages",
    "author": "Leandro Ostera <leandro@ostera.io>",
    "repository": "https://github.com/ostera/tldr.jsx",
    "bugs": { "url": "https://github.com/ostera/tldr.jsx/issues" },
    "homepage": "https://tldr.ostera.io",
    "license": "MIT",
    "version": "4.0.0",
    "esy": {
      "build": "refmterr dune build",
      "NOTE": "Optional release Section. Customizes result of `esy release`",
      "release": { "bin": [ "TldrApp.exe" ] }
    },
    "scripts": { "test": "esy x TldrApp.exe" },
    "dependencies": {
      "@esy-ocaml/reason": "*",
      "@opam/base64": "2.3.0",
      "@opam/cmdliner": "1.0.3",
      "@opam/dune": "*",
      "@opam/fmt": "0.8.5",
      "@opam/fpath": "0.7.2",
      "@opam/httpkit": "*",
      "@opam/httpkit-lwt": "*",
      "@opam/logs": "0.6.2",
      "@opam/lwt": "4.1.0",
      "@opam/menhir": "20181113",
      "@opam/result": "1.3",
      "@opam/rresult": "0.6.0",
      "@opam/uri": "2.1.0",
      "@opam/yojson": "1.5.0",
      "@reason-native/console": "*",
      "@reason-native/pastel": "*",
      "@reason-native/rely": "*",
      "flex": "^1.2.2",
      "ocaml": "~4.6.0",
      "reason-glfw": "^3.2.1010",
      "refmterr": "*",
      "revery": "^0.3.1"
    },
    "resolutions": {
      "@opam/cmdliner": "1.0.2",
      "@opam/js_of_ocaml":
        "github:ocsigen/js_of_ocaml:js_of_ocaml.opam#db257ce",
      "@opam/js_of_ocaml-compiler":
        "github:ocsigen/js_of_ocaml:js_of_ocaml-compiler.opam#db257ce",
      "@esy-ocaml/reason": "facebook/reason#ab49908",
      "@opam/httpkit": "ostera/httpkit:httpkit.opam#c1c32c1",
      "@opam/httpkit-lwt": "ostera/httpkit:httpkit-lwt.opam#c1c32c1",
      "@opam/httpaf": "anmonteiro/httpaf:httpaf.opam#57e9dd2",
      "@opam/httpaf-lwt": "anmonteiro/httpaf:httpaf-lwt.opam#57e9dd2"
    },
    "devDependencies": { "@opam/merlin": "*", "ocaml": "~4.6.0" }
  }

yarn manifest: 
  No manifest

Lockfile: 
  No lockfile
